Using pre-set license
Built from '2020.2/staging' branch; Version is '2020.2.7f1 (c53830e277f1) revision 12924976'; Using compiler version '192528614'; Build Type 'Release'
OS: 'Windows 10 Home; OS build 22621.3007; Version 2009; 64bit' Language: 'ja' Physical Memory: 32508 MB
BatchMode: 1, IsHumanControllingUs: 0, StartBugReporterOnCrash: 0, Is64bit: 1, IsPro: 0

 COMMAND LINE ARGUMENTS:
C:\Program Files\Unity\Hub\Editor\2020.2.7f1\Editor\Unity.exe
-adb2
-batchMode
-noUpm
-name
AssetImportWorker0
-projectPath
C:/UnityProjects/HackU
-logFile
Logs/AssetImportWorker0.log
-srvPort
50349
Successfully changed project path to: C:/UnityProjects/HackU
C:/UnityProjects/HackU
Using Asset Import Pipeline V2.
Refreshing native plugins compatible for Editor in 24.32 ms, found 1 plugins.
Preloading 0 native plugins for Editor in 0.00 ms.
Initialize engine version: 2020.2.7f1 (c53830e277f1)
[Subsystems] Discovering subsystems at path C:/Program Files/Unity/Hub/Editor/2020.2.7f1/Editor/Data/Resources/UnitySubsystems
[Subsystems] Discovering subsystems at path C:/UnityProjects/HackU/Assets
GfxDevice: creating device client; threaded=0
Direct3D:
    Version:  Direct3D 11.0 [level 11.1]
    Renderer: NVIDIA GeForce RTX 3050 6GB Laptop GPU (ID=0x25ac)
    Vendor:   
    VRAM:     6016 MB
    Driver:   31.0.15.3209
Initialize mono
Mono path[0] = 'C:/Program Files/Unity/Hub/Editor/2020.2.7f1/Editor/Data/Managed'
Mono path[1] = 'C:/Program Files/Unity/Hub/Editor/2020.2.7f1/Editor/Data/MonoBleedingEdge/lib/mono/unityjit'
Mono config path = 'C:/Program Files/Unity/Hub/Editor/2020.2.7f1/Editor/Data/MonoBleedingEdge/etc'
Using monoOptions --debugger-agent=transport=dt_socket,embedding=1,server=y,suspend=n,address=127.0.0.1:56188
Begin MonoManager ReloadAssembly
Registering precompiled unity dll's ...
Register platform support module: C:/Program Files/Unity/Hub/Editor/2020.2.7f1/Editor/Data/PlaybackEngines/WindowsStandaloneSupport/UnityEditor.WindowsStandalone.Extensions.dll
Registered in 0.002106 seconds.
Native extension for WindowsStandalone target not found
Refreshing native plugins compatible for Editor in 24.58 ms, found 1 plugins.
Preloading 0 native plugins for Editor in 0.00 ms.
Invoked RoslynAnalysisRunner static constructor.
RoslynAnalysisRunner will not be running.
RoslynAnalysisRunner has terminated.
Mono: successfully reloaded assembly
- Completed reload, in  0.834 seconds
Platform modules already initialized, skipping
Registering precompiled user dll's ...
Registered in 0.002499 seconds.
Begin MonoManager ReloadAssembly
Native extension for WindowsStandalone target not found
Refreshing native plugins compatible for Editor in 24.51 ms, found 1 plugins.
Preloading 0 native plugins for Editor in 0.00 ms.
Invoked RoslynAnalysisRunner static constructor.
RoslynAnalysisRunner will not be running.
RoslynAnalysisRunner has terminated.
Mono: successfully reloaded assembly
- Completed reload, in  0.861 seconds
Platform modules already initialized, skipping
========================================================================
Worker process is ready to serve import requests
Launched and connected shader compiler UnityShaderCompiler.exe after 0.06 seconds
Refreshing native plugins compatible for Editor in 0.25 ms, found 1 plugins.
Preloading 0 native plugins for Editor in 0.00 ms.
Unloading 1806 Unused Serialized files (Serialized files now loaded: 0)
System memory in use before: 84.6 MB.
System memory in use after: 84.5 MB.

Unloading 24 unused Assets to reduce memory usage. Loaded Objects now: 2248.
Total: 1.520700 ms (FindLiveObjects: 0.134500 ms CreateObjectMapping: 0.034500 ms MarkObjects: 1.255800 ms  DeleteObjects: 0.094700 ms)

========================================================================
Received Import Request.
  path: Assets/Scenes/SampleScene.unity
  artifactKey: Guid(2cda990e2423bbf4892e6590ba056729) Importer(815301076,1909f56bfc062723c751e8b465ee728b)
Start importing Assets/Scenes/SampleScene.unity using Guid(2cda990e2423bbf4892e6590ba056729) Importer(815301076,1909f56bfc062723c751e8b465ee728b)  -> (artifact id: 'f4cd3df2f2677441bbab50587d11e9a2') in 0.025952 seconds
  Import took 0.028880 seconds .

========================================================================
Received Import Request.
  Time since last request: 166.576632 seconds.
  path: Assets/Game.unity
  artifactKey: Guid(fc76d088eed8f4b4d8756db000335b85) Importer(815301076,1909f56bfc062723c751e8b465ee728b)
Start importing Assets/Game.unity using Guid(fc76d088eed8f4b4d8756db000335b85) Importer(815301076,1909f56bfc062723c751e8b465ee728b)  -> (artifact id: 'd3b20f26ac9f2739a4ce2f2ed5a482fb') in 0.012594 seconds
  Import took 0.016923 seconds .

========================================================================
Received Import Request.
  Time since last request: 0.001915 seconds.
  path: Assets/Game.unity
  artifactKey: Guid(fc76d088eed8f4b4d8756db000335b85) Importer(815301076,1909f56bfc062723c751e8b465ee728b)
Start importing Assets/Game.unity using Guid(fc76d088eed8f4b4d8756db000335b85) Importer(815301076,1909f56bfc062723c751e8b465ee728b)  -> (artifact id: 'd3b20f26ac9f2739a4ce2f2ed5a482fb') in 0.011930 seconds
  Import took 0.015814 seconds .

========================================================================
Received Import Request.
  Time since last request: 308.108535 seconds.
  path: Assets/Scenes/Game.unity
  artifactKey: Guid(fc76d088eed8f4b4d8756db000335b85) Importer(815301076,1909f56bfc062723c751e8b465ee728b)
Start importing Assets/Scenes/Game.unity using Guid(fc76d088eed8f4b4d8756db000335b85) Importer(815301076,1909f56bfc062723c751e8b465ee728b)  -> (artifact id: '634f40632e56b4d12926c3f9c0142923') in 0.008817 seconds
  Import took 0.013808 seconds .

========================================================================
Received Import Request.
  Time since last request: 6.885804 seconds.
  path: Assets/Scenes/Scripts
  artifactKey: Guid(04ac5c5f8a383de4f9301cd44250ff60) Importer(815301076,1909f56bfc062723c751e8b465ee728b)
Start importing Assets/Scenes/Scripts using Guid(04ac5c5f8a383de4f9301cd44250ff60) Importer(815301076,1909f56bfc062723c751e8b465ee728b)  -> (artifact id: '97726c72a9917d985c5ec438ccf246c6') in 0.005760 seconds
  Import took 0.008886 seconds .

========================================================================
Received Import Request.
  Time since last request: 20.934155 seconds.
  path: Assets/Scripts/GameManager.cs
  artifactKey: Guid(3beed2ca70b12a24dbef4e4522fc912a) Importer(815301076,1909f56bfc062723c751e8b465ee728b)
Start importing Assets/Scripts/GameManager.cs using Guid(3beed2ca70b12a24dbef4e4522fc912a) Importer(815301076,1909f56bfc062723c751e8b465ee728b)  -> (artifact id: '26321316e5e4b3e7add7a7ddcad6b8ce') in 0.071257 seconds
  Import took 0.074074 seconds .

========================================================================
Received Import Request.
  Time since last request: 0.063623 seconds.
  path: Assets/Scripts/GameManager.cs
  artifactKey: Guid(3beed2ca70b12a24dbef4e4522fc912a) Importer(815301076,1909f56bfc062723c751e8b465ee728b)
Start importing Assets/Scripts/GameManager.cs using Guid(3beed2ca70b12a24dbef4e4522fc912a) Importer(815301076,1909f56bfc062723c751e8b465ee728b)  -> (artifact id: '26321316e5e4b3e7add7a7ddcad6b8ce') in 0.005644 seconds
  Import took 0.007886 seconds .

========================================================================
Received Prepare
Registering precompiled user dll's ...
Registered in 0.002109 seconds.
Begin MonoManager ReloadAssembly
Native extension for WindowsStandalone target not found
Refreshing native plugins compatible for Editor in 0.35 ms, found 1 plugins.
Preloading 0 native plugins for Editor in 0.00 ms.
Invoked RoslynAnalysisRunner static constructor.
RoslynAnalysisRunner will not be running.
RoslynAnalysisRunner has terminated.
Mono: successfully reloaded assembly
- Completed reload, in  0.773 seconds
Platform modules already initialized, skipping
Refreshing native plugins compatible for Editor in 0.25 ms, found 1 plugins.
Preloading 0 native plugins for Editor in 0.00 ms.
Unloading 1802 Unused Serialized files (Serialized files now loaded: 0)
System memory in use before: 84.6 MB.
System memory in use after: 84.6 MB.

Unloading 12 unused Assets to reduce memory usage. Loaded Objects now: 2253.
Total: 1.617700 ms (FindLiveObjects: 0.156800 ms CreateObjectMapping: 0.033700 ms MarkObjects: 1.337100 ms  DeleteObjects: 0.088600 ms)

========================================================================
Received Prepare
Registering precompiled user dll's ...
Registered in 0.009798 seconds.
Begin MonoManager ReloadAssembly
Native extension for WindowsStandalone target not found
Refreshing native plugins compatible for Editor in 0.25 ms, found 1 plugins.
Preloading 0 native plugins for Editor in 0.00 ms.
Invoked RoslynAnalysisRunner static constructor.
RoslynAnalysisRunner will not be running.
RoslynAnalysisRunner has terminated.
Mono: successfully reloaded assembly
- Completed reload, in  0.866 seconds
Platform modules already initialized, skipping
Refreshing native plugins compatible for Editor in 0.25 ms, found 1 plugins.
Preloading 0 native plugins for Editor in 0.00 ms.
Unloading 1802 Unused Serialized files (Serialized files now loaded: 0)
System memory in use before: 84.6 MB.
System memory in use after: 84.6 MB.

Unloading 12 unused Assets to reduce memory usage. Loaded Objects now: 2257.
Total: 1.719600 ms (FindLiveObjects: 0.261100 ms CreateObjectMapping: 0.031200 ms MarkObjects: 1.345200 ms  DeleteObjects: 0.081000 ms)

========================================================================
Received Import Request.
  Time since last request: 59.694390 seconds.
  path: Assets/Scripts/GameManager.cs
  artifactKey: Guid(3beed2ca70b12a24dbef4e4522fc912a) Importer(815301076,1909f56bfc062723c751e8b465ee728b)
Start importing Assets/Scripts/GameManager.cs using Guid(3beed2ca70b12a24dbef4e4522fc912a) Importer(815301076,1909f56bfc062723c751e8b465ee728b)  -> (artifact id: '9991f77363b0eb4562a8c29349ea63c4') in 0.008978 seconds
  Import took 0.017216 seconds .

AssetImportWorkerClient::OnTransportError - code=2 error=End of file
